[2019-07-12 18:10:45:719] [INFO ] [Thread: main] [method:org.springframework.boot.SpringApplication.logStartupProfileInfo(SpringApplication.java:666)]
The following profiles are active: consul-dev

[2019-07-12 18:11:31:092] [INFO ] [Thread: main] [method:com.redtx.core.ds.h2.H2DbHelper.<init>(H2DbHelper.java:32)]
Init H2 DATABASE at /home/allan/tmp/sts/.h2db/consul-service-a-8901

[2019-07-12 18:11:35:560] [DEBUG] [Thread: main] [method:com.redtx.core.http.CallChainHystrixConcurrencyStrategy.<init>(CallChainHystrixConcurrencyStrategy.java:50)]
HystrixEventNotifier:com.netflix.hystrix.strategy.eventnotifier.HystrixEventNotifierDefault@525d79f0, HystrixMetricsPublisher:io.micrometer.core.instrument.binder.hystrix.MicrometerMetricsPublisher@5149f008, HystrixPropertiesStrategy:com.netflix.hystrix.strategy.properties.HystrixPropertiesStrategyDefault@7072bc39

[2019-07-12 18:11:38:357] [DEBUG] [Thread: main] [method:com.sc.cmn.config.FeignHystrixConcurrencyStrategy.logCurrentStateOfHystrixPlugins(FeignHystrixConcurrencyStrategy.java:64)]
Current Hystrix plugins configuration is [concurrencyStrategy [com.redtx.core.http.CallChainHystrixConcurrencyStrategy@1b39fd82],eventNotifier [com.netflix.hystrix.strategy.eventnotifier.HystrixEventNotifierDefault@525d79f0],metricPublisher [io.micrometer.core.instrument.binder.hystrix.MicrometerMetricsPublisher@5149f008],propertiesStrategy [com.netflix.hystrix.strategy.properties.HystrixPropertiesStrategyDefault@7072bc39],]

[2019-07-12 18:11:38:359] [DEBUG] [Thread: main] [method:com.sc.cmn.config.FeignHystrixConcurrencyStrategy.logCurrentStateOfHystrixPlugins(FeignHystrixConcurrencyStrategy.java:68)]
Registering Sleuth Hystrix Concurrency Strategy.

[2019-07-12 18:11:58:244] [INFO ] [Thread: main] [method:org.springframework.boot.StartupInfoLogger.logStarted(StartupInfoLogger.java:59)]
Started ServiceAApplication in 87.674 seconds (JVM running for 92.34)

[2019-07-12 18:11:58:297] [INFO ] [Thread: main] [method:com.redtx.core.ds.h2.TxLogHelper.init(TxLogHelper.java:27)]
Table creation finish (H2 DATABASE)

[2019-07-12 18:11:58:315] [INFO ] [Thread: main] [method:com.redtx.core.netty.NettyClientBootstrap.run(NettyClientBootstrap.java:85)]
=========================================================

[2019-07-12 18:11:58:315] [INFO ] [Thread: main] [method:com.redtx.core.netty.NettyClientBootstrap.run(NettyClientBootstrap.java:86)]
Netty Client connected to server successfully! RedtxClientConfig [txTimeout=30000, mgrAddrs=10.2.1.63:9011, txSyncCallTimeout=3000]

[2019-07-12 18:11:58:316] [INFO ] [Thread: main] [method:com.redtx.core.netty.NettyClientBootstrap.run(NettyClientBootstrap.java:87)]
=========================================================

[2019-07-12 18:13:03:229] [DEBUG] [Thread: http-nio-8901-exec-7] [method:com.redtx.core.http.CallChainUtil.callGetter(CallChainUtil.java:40)]
getting groupId:

[2019-07-12 18:13:03:294] [DEBUG] [Thread: http-nio-8901-exec-7] [method:com.redtx.core.aop.TransactionAspect.transactionRunning(TransactionAspect.java:51)]
now get into AOP transactionRunning [value, rollbackFlag], [mygod72, false] 

[2019-07-12 18:13:03:298] [DEBUG] [Thread: http-nio-8901-exec-7] [method:com.redtx.core.tx.RedTxInfo.getFromCache(RedTxInfo.java:48)]
get txMethodId RedTxInfo [targetClazz=class com.sc.svca.service.DemoServiceImpl, businessMethod=public java.lang.String com.sc.svca.service.DemoServiceImpl.execRedTx(java.lang.String,java.lang.String), txMethodId=String com.sc.svca.service.DemoServiceImpl.execRedTx(String,String)]

[2019-07-12 18:13:03:303] [DEBUG] [Thread: http-nio-8901-exec-7] [method:com.redtx.core.tx.RedTxService.execTx(RedTxService.java:28)]
started local RedTxContext!

[2019-07-12 18:13:03:309] [DEBUG] [Thread: http-nio-8901-exec-7] [method:com.redtx.core.tx.RedTxService.execTx(RedTxService.java:42)]
redTxContextManager.startTx(), txHolder <TxHolder [txStatus=null, lock=java.lang.Object@74a40c19, groupId=3e2e806d7e3846b7a221707c07d3ede3, unitId=null, txLauncher=true, createTime=1562926383309]>

[2019-07-12 18:13:03:321] [DEBUG] [Thread: http-nio-8901-exec-7] [method:com.redtx.core.tx.RedTxService.execTx(RedTxService.java:49)]
 current module's txHolder <TxHolder [txStatus=null, lock=java.lang.Object@74a40c19, groupId=3e2e806d7e3846b7a221707c07d3ede3, unitId=String com.sc.svca.service.DemoServiceImpl.execRedTx(String,String), txLauncher=true, createTime=1562926383309]>

[2019-07-12 18:13:03:342] [DEBUG] [Thread: http-nio-8901-exec-7] [method:com.sc.svca.service.DemoServiceImpl.execRedTx(DemoServiceImpl.java:27)]
now enter into A - service - mygod72, false

[2019-07-12 18:13:04:270] [INFO ] [Thread: hystrix-consul-service-b-1] [method:com.sc.cmn.config.FeginOAuth2Interceptor.apply(FeginOAuth2Interceptor.java:44)]
=session-id: 0829A9CFBEE9B588BD2A5A6FD9EEA91B

[2019-07-12 18:13:04:289] [INFO ] [Thread: hystrix-consul-service-b-1] [method:com.sc.cmn.config.FeginOAuth2Interceptor.apply(FeginOAuth2Interceptor.java:44)]
=session-id: 0829A9CFBEE9B588BD2A5A6FD9EEA91B

[2019-07-12 18:13:04:291] [DEBUG] [Thread: hystrix-consul-service-b-1] [method:com.redtx.core.http.CallChainUtil.callSetter(CallChainUtil.java:26)]
passing groupId:3e2e806d7e3846b7a221707c07d3ede3

[2019-07-12 18:13:06:361] [DEBUG] [Thread: http-nio-8901-exec-7] [method:com.sc.svca.service.DemoServiceImpl.execRedTx(DemoServiceImpl.java:31)]
now called B - service- Result - success

[2019-07-12 18:13:06:391] [INFO ] [Thread: hystrix-consul-service-c-1] [method:com.sc.cmn.config.FeginOAuth2Interceptor.apply(FeginOAuth2Interceptor.java:44)]
=session-id: 0829A9CFBEE9B588BD2A5A6FD9EEA91B

[2019-07-12 18:13:06:393] [INFO ] [Thread: hystrix-consul-service-c-1] [method:com.sc.cmn.config.FeginOAuth2Interceptor.apply(FeginOAuth2Interceptor.java:44)]
=session-id: 0829A9CFBEE9B588BD2A5A6FD9EEA91B

[2019-07-12 18:13:06:394] [DEBUG] [Thread: hystrix-consul-service-c-1] [method:com.redtx.core.http.CallChainUtil.callSetter(CallChainUtil.java:26)]
passing groupId:3e2e806d7e3846b7a221707c07d3ede3

[2019-07-12 18:13:08:164] [DEBUG] [Thread: http-nio-8901-exec-7] [method:com.sc.svca.service.DemoServiceImpl.execRedTx(DemoServiceImpl.java:38)]
now called C - service- Result - Calling consul-service-c </runRedTx>  FAILED! - FALLING BACK - with parameter - value:mygod72

[2019-07-12 18:13:08:168] [DEBUG] [Thread: http-nio-8901-exec-7] [method:com.redtx.core.netty.NettyClientBootstrap.getChannel(NettyClientBootstrap.java:54)]
try to get netty connection to server with config RedtxClientConfig [txTimeout=30000, mgrAddrs=10.2.1.63:9011, txSyncCallTimeout=3000]

[2019-07-12 18:13:08:189] [DEBUG] [Thread: nioEventLoopGroup-7-1] [method:com.redtx.core.netty.NettyClientHandler.channelRead0(NettyClientHandler.java:61)]
received txMsg from netty server <TxMsg(txStatus=1, groupId=3e2e806d7e3846b7a221707c07d3ede3, unitId=String com.sc.svca.service.DemoServiceImpl.execRedTx(String,String), txLauncher=true, msgStr=null)>: 

[2019-07-12 18:13:08:190] [INFO ] [Thread: nioEventLoopGroup-7-1] [method:com.redtx.core.netty.NettyClientHandler.channelRead0(NettyClientHandler.java:66)]
received sync msg - TxMsg(txStatus=1, groupId=3e2e806d7e3846b7a221707c07d3ede3, unitId=String com.sc.svca.service.DemoServiceImpl.execRedTx(String,String), txLauncher=true, msgStr=null) 

[2019-07-12 18:13:08:190] [DEBUG] [Thread: http-nio-8901-exec-7] [method:com.redtx.core.tx.RedTxExecutor.runBizMethod(RedTxExecutor.java:43)]
txLauncher get sync netty tx msg <TxMsg(txStatus=1, groupId=3e2e806d7e3846b7a221707c07d3ede3, unitId=String com.sc.svca.service.DemoServiceImpl.execRedTx(String,String), txLauncher=true, msgStr=null)>

[2019-07-12 18:13:08:191] [INFO ] [Thread: http-nio-8901-exec-7] [method:com.redtx.core.tx.RedTxExecutor.runBizMethod(RedTxExecutor.java:46)]
Distributed Transaction already failed! thread name-http-nio-8901-exec-7, txHolder-txStatus-null

[2019-07-12 18:13:08:193] [ERROR] [Thread: nioEventLoopGroup-7-1] [method:com.redtx.core.ds.RedTxServiceImpl.undo(RedTxServiceImpl.java:262)]
Rollback(undo) is not needed for current module, group 3e2e806d7e3846b7a221707c07d3ede3 unit String com.sc.svca.service.DemoServiceImpl.execRedTx(String,String) with exception: No qualifying bean of type 'javax.sql.DataSource' available

[2019-07-12 18:13:08:227] [ERROR] [Thread: http-nio-8901-exec-7] [method:com.redtx.core.tx.RedTxExecutor.runBizMethod(RedTxExecutor.java:58)]
calling biz method failed for current module with exception some parties in this distributed transaction failed, now throw rollback message!

[2019-07-12 18:13:08:229] [DEBUG] [Thread: http-nio-8901-exec-7] [method:com.redtx.core.tx.RedTxService.execTx(RedTxService.java:57)]
 current module's txHolder after biz method <TxHolder [txStatus=1, lock=java.lang.Object@74a40c19, groupId=3e2e806d7e3846b7a221707c07d3ede3, unitId=String com.sc.svca.service.DemoServiceImpl.execRedTx(String,String), txLauncher=true, createTime=1562926383309]>

[2019-07-12 18:13:08:231] [DEBUG] [Thread: http-nio-8901-exec-7] [method:com.redtx.core.netty.NettyClientBootstrap.getChannel(NettyClientBootstrap.java:54)]
try to get netty connection to server with config RedtxClientConfig [txTimeout=30000, mgrAddrs=10.2.1.63:9011, txSyncCallTimeout=3000]

[2019-07-12 18:13:08:232] [DEBUG] [Thread: http-nio-8901-exec-7] [method:com.redtx.core.tx.RedTxService.execTx(RedTxService.java:61)]
send netty msg <TxMsg(txStatus=1, groupId=3e2e806d7e3846b7a221707c07d3ede3, unitId=String com.sc.svca.service.DemoServiceImpl.execRedTx(String,String), txLauncher=true, msgStr=null)>

[2019-07-12 18:13:08:241] [DEBUG] [Thread: http-nio-8901-exec-7] [method:com.redtx.core.tx.RedTxContext.remove(RedTxContext.java:38)]
Last clean on current module local context - RedTxContext(groupId=3e2e806d7e3846b7a221707c07d3ede3, unitId=String com.sc.svca.service.DemoServiceImpl.execRedTx(String,String), resource=null)

[2019-07-12 18:13:08:249] [DEBUG] [Thread: nioEventLoopGroup-7-1] [method:com.redtx.core.netty.NettyClientHandler.channelRead0(NettyClientHandler.java:61)]
received txMsg from netty server <TxMsg(txStatus=1, groupId=3e2e806d7e3846b7a221707c07d3ede3, unitId=String com.sc.svca.service.DemoServiceImpl.execRedTx(String,String), txLauncher=true, msgStr=null)>: 

[2019-07-12 18:13:08:250] [ERROR] [Thread: nioEventLoopGroup-7-1] [method:com.redtx.core.ds.RedTxServiceImpl.undo(RedTxServiceImpl.java:262)]
Rollback(undo) is not needed for current module, group 3e2e806d7e3846b7a221707c07d3ede3 unit String com.sc.svca.service.DemoServiceImpl.execRedTx(String,String) with exception: No qualifying bean of type 'javax.sql.DataSource' available

[2019-07-12 18:15:20:924] [DEBUG] [Thread: http-nio-8901-exec-7] [method:com.redtx.core.http.CallChainUtil.callGetter(CallChainUtil.java:40)]
getting groupId:

[2019-07-12 18:15:20:926] [DEBUG] [Thread: http-nio-8901-exec-7] [method:com.redtx.core.aop.TransactionAspect.transactionRunning(TransactionAspect.java:51)]
now get into AOP transactionRunning [value, rollbackFlag], [mygod73, false] 

[2019-07-12 18:15:20:927] [DEBUG] [Thread: http-nio-8901-exec-7] [method:com.redtx.core.tx.RedTxInfo.getFromCache(RedTxInfo.java:48)]
get txMethodId RedTxInfo [targetClazz=class com.sc.svca.service.DemoServiceImpl, businessMethod=public java.lang.String com.sc.svca.service.DemoServiceImpl.execRedTx(java.lang.String,java.lang.String), txMethodId=String com.sc.svca.service.DemoServiceImpl.execRedTx(String,String)]

[2019-07-12 18:15:20:928] [DEBUG] [Thread: http-nio-8901-exec-7] [method:com.redtx.core.tx.RedTxService.execTx(RedTxService.java:28)]
started local RedTxContext!

[2019-07-12 18:15:20:929] [DEBUG] [Thread: http-nio-8901-exec-7] [method:com.redtx.core.tx.RedTxService.execTx(RedTxService.java:42)]
redTxContextManager.startTx(), txHolder <TxHolder [txStatus=null, lock=java.lang.Object@16d65da4, groupId=286c237bb4564deea75fca9713b1865f, unitId=null, txLauncher=true, createTime=1562926520929]>

[2019-07-12 18:15:20:931] [DEBUG] [Thread: http-nio-8901-exec-7] [method:com.redtx.core.tx.RedTxService.execTx(RedTxService.java:49)]
 current module's txHolder <TxHolder [txStatus=null, lock=java.lang.Object@16d65da4, groupId=286c237bb4564deea75fca9713b1865f, unitId=String com.sc.svca.service.DemoServiceImpl.execRedTx(String,String), txLauncher=true, createTime=1562926520929]>

[2019-07-12 18:15:20:932] [DEBUG] [Thread: http-nio-8901-exec-7] [method:com.sc.svca.service.DemoServiceImpl.execRedTx(DemoServiceImpl.java:27)]
now enter into A - service - mygod73, false

[2019-07-12 18:15:20:936] [INFO ] [Thread: hystrix-consul-service-b-2] [method:com.sc.cmn.config.FeginOAuth2Interceptor.apply(FeginOAuth2Interceptor.java:44)]
=session-id: 73AD3811B7E8722BC7F0A632E77F3621

[2019-07-12 18:15:20:937] [INFO ] [Thread: hystrix-consul-service-b-2] [method:com.sc.cmn.config.FeginOAuth2Interceptor.apply(FeginOAuth2Interceptor.java:44)]
=session-id: 73AD3811B7E8722BC7F0A632E77F3621

[2019-07-12 18:15:20:938] [DEBUG] [Thread: hystrix-consul-service-b-2] [method:com.redtx.core.http.CallChainUtil.callSetter(CallChainUtil.java:26)]
passing groupId:286c237bb4564deea75fca9713b1865f

[2019-07-12 18:15:21:007] [DEBUG] [Thread: http-nio-8901-exec-7] [method:com.sc.svca.service.DemoServiceImpl.execRedTx(DemoServiceImpl.java:31)]
now called B - service- Result - success

[2019-07-12 18:15:21:012] [INFO ] [Thread: hystrix-consul-service-c-2] [method:com.sc.cmn.config.FeginOAuth2Interceptor.apply(FeginOAuth2Interceptor.java:44)]
=session-id: 73AD3811B7E8722BC7F0A632E77F3621

[2019-07-12 18:15:21:013] [INFO ] [Thread: hystrix-consul-service-c-2] [method:com.sc.cmn.config.FeginOAuth2Interceptor.apply(FeginOAuth2Interceptor.java:44)]
=session-id: 73AD3811B7E8722BC7F0A632E77F3621

[2019-07-12 18:15:21:014] [DEBUG] [Thread: hystrix-consul-service-c-2] [method:com.redtx.core.http.CallChainUtil.callSetter(CallChainUtil.java:26)]
passing groupId:286c237bb4564deea75fca9713b1865f

[2019-07-12 18:15:21:114] [DEBUG] [Thread: http-nio-8901-exec-7] [method:com.sc.svca.service.DemoServiceImpl.execRedTx(DemoServiceImpl.java:38)]
now called C - service- Result - success

[2019-07-12 18:15:21:116] [DEBUG] [Thread: http-nio-8901-exec-7] [method:com.redtx.core.netty.NettyClientBootstrap.getChannel(NettyClientBootstrap.java:54)]
try to get netty connection to server with config RedtxClientConfig [txTimeout=30000, mgrAddrs=10.2.1.63:9011, txSyncCallTimeout=3000]

[2019-07-12 18:15:21:124] [DEBUG] [Thread: nioEventLoopGroup-7-1] [method:com.redtx.core.netty.NettyClientHandler.channelRead0(NettyClientHandler.java:61)]
received txMsg from netty server <TxMsg(txStatus=0, groupId=286c237bb4564deea75fca9713b1865f, unitId=String com.sc.svca.service.DemoServiceImpl.execRedTx(String,String), txLauncher=true, msgStr=null)>: 

[2019-07-12 18:15:21:125] [INFO ] [Thread: nioEventLoopGroup-7-1] [method:com.redtx.core.netty.NettyClientHandler.channelRead0(NettyClientHandler.java:66)]
received sync msg - TxMsg(txStatus=0, groupId=286c237bb4564deea75fca9713b1865f, unitId=String com.sc.svca.service.DemoServiceImpl.execRedTx(String,String), txLauncher=true, msgStr=null) 

[2019-07-12 18:15:21:125] [DEBUG] [Thread: http-nio-8901-exec-7] [method:com.redtx.core.tx.RedTxExecutor.runBizMethod(RedTxExecutor.java:43)]
txLauncher get sync netty tx msg <TxMsg(txStatus=0, groupId=286c237bb4564deea75fca9713b1865f, unitId=String com.sc.svca.service.DemoServiceImpl.execRedTx(String,String), txLauncher=true, msgStr=null)>

[2019-07-12 18:15:21:126] [DEBUG] [Thread: http-nio-8901-exec-7] [method:com.redtx.core.tx.RedTxService.execTx(RedTxService.java:57)]
 current module's txHolder after biz method <TxHolder [txStatus=0, lock=java.lang.Object@16d65da4, groupId=286c237bb4564deea75fca9713b1865f, unitId=String com.sc.svca.service.DemoServiceImpl.execRedTx(String,String), txLauncher=true, createTime=1562926520929]>

[2019-07-12 18:15:21:127] [DEBUG] [Thread: http-nio-8901-exec-7] [method:com.redtx.core.netty.NettyClientBootstrap.getChannel(NettyClientBootstrap.java:54)]
try to get netty connection to server with config RedtxClientConfig [txTimeout=30000, mgrAddrs=10.2.1.63:9011, txSyncCallTimeout=3000]

[2019-07-12 18:15:21:131] [DEBUG] [Thread: http-nio-8901-exec-7] [method:com.redtx.core.tx.RedTxService.execTx(RedTxService.java:61)]
send netty msg <TxMsg(txStatus=0, groupId=286c237bb4564deea75fca9713b1865f, unitId=String com.sc.svca.service.DemoServiceImpl.execRedTx(String,String), txLauncher=true, msgStr=null)>

[2019-07-12 18:15:21:132] [DEBUG] [Thread: http-nio-8901-exec-7] [method:com.redtx.core.tx.RedTxContext.remove(RedTxContext.java:38)]
Last clean on current module local context - RedTxContext(groupId=286c237bb4564deea75fca9713b1865f, unitId=String com.sc.svca.service.DemoServiceImpl.execRedTx(String,String), resource=null)

[2019-07-12 18:15:21:133] [DEBUG] [Thread: http-nio-8901-exec-7] [method:com.sc.svca.controller.RedTxTestController.execute(RedTxTestController.java:25)]
A - service </runRedTx> returned success

[2019-07-12 18:15:21:154] [DEBUG] [Thread: nioEventLoopGroup-7-1] [method:com.redtx.core.ds.RedTxServiceImpl.cleanUndo(RedTxServiceImpl.java:195)]
cleaned undo log DELETE FROM TXC_UNDO_LOG WHERE GROUP_ID=286c237bb4564deea75fca9713b1865f AND UNIT_ID=String com.sc.svca.service.DemoServiceImpl.execRedTx(String,String). 

[2019-07-12 18:15:21:169] [DEBUG] [Thread: nioEventLoopGroup-7-1] [method:com.redtx.core.netty.NettyClientHandler.channelRead0(NettyClientHandler.java:61)]
received txMsg from netty server <TxMsg(txStatus=0, groupId=286c237bb4564deea75fca9713b1865f, unitId=String com.sc.svca.service.DemoServiceImpl.execRedTx(String,String), txLauncher=true, msgStr=null)>: 

[2019-07-12 18:15:21:170] [DEBUG] [Thread: nioEventLoopGroup-7-1] [method:com.redtx.core.ds.RedTxServiceImpl.cleanUndo(RedTxServiceImpl.java:195)]
cleaned undo log DELETE FROM TXC_UNDO_LOG WHERE GROUP_ID=286c237bb4564deea75fca9713b1865f AND UNIT_ID=String com.sc.svca.service.DemoServiceImpl.execRedTx(String,String). 

[2019-07-12 18:19:20:093] [DEBUG] [Thread: http-nio-8901-exec-7] [method:com.redtx.core.http.CallChainUtil.callGetter(CallChainUtil.java:40)]
getting groupId:

[2019-07-12 18:19:20:095] [DEBUG] [Thread: http-nio-8901-exec-7] [method:com.redtx.core.aop.TransactionAspect.transactionRunning(TransactionAspect.java:51)]
now get into AOP transactionRunning [value, rollbackFlag], [mygod74, true] 

[2019-07-12 18:19:20:096] [DEBUG] [Thread: http-nio-8901-exec-7] [method:com.redtx.core.tx.RedTxInfo.getFromCache(RedTxInfo.java:48)]
get txMethodId RedTxInfo [targetClazz=class com.sc.svca.service.DemoServiceImpl, businessMethod=public java.lang.String com.sc.svca.service.DemoServiceImpl.execRedTx(java.lang.String,java.lang.String), txMethodId=String com.sc.svca.service.DemoServiceImpl.execRedTx(String,String)]

[2019-07-12 18:19:20:097] [DEBUG] [Thread: http-nio-8901-exec-7] [method:com.redtx.core.tx.RedTxService.execTx(RedTxService.java:28)]
started local RedTxContext!

[2019-07-12 18:19:20:099] [DEBUG] [Thread: http-nio-8901-exec-7] [method:com.redtx.core.tx.RedTxService.execTx(RedTxService.java:42)]
redTxContextManager.startTx(), txHolder <TxHolder [txStatus=null, lock=java.lang.Object@60ef82ce, groupId=612163c976f24053a9ae373fe10de746, unitId=null, txLauncher=true, createTime=1562926760098]>

[2019-07-12 18:19:20:100] [DEBUG] [Thread: http-nio-8901-exec-7] [method:com.redtx.core.tx.RedTxService.execTx(RedTxService.java:49)]
 current module's txHolder <TxHolder [txStatus=null, lock=java.lang.Object@60ef82ce, groupId=612163c976f24053a9ae373fe10de746, unitId=String com.sc.svca.service.DemoServiceImpl.execRedTx(String,String), txLauncher=true, createTime=1562926760098]>

[2019-07-12 18:19:20:101] [DEBUG] [Thread: http-nio-8901-exec-7] [method:com.sc.svca.service.DemoServiceImpl.execRedTx(DemoServiceImpl.java:27)]
now enter into A - service - mygod74, true

[2019-07-12 18:19:20:105] [INFO ] [Thread: hystrix-consul-service-b-3] [method:com.sc.cmn.config.FeginOAuth2Interceptor.apply(FeginOAuth2Interceptor.java:44)]
=session-id: 1374C1FC17689FA14FCF30D593078C2D

[2019-07-12 18:19:20:106] [INFO ] [Thread: hystrix-consul-service-b-3] [method:com.sc.cmn.config.FeginOAuth2Interceptor.apply(FeginOAuth2Interceptor.java:44)]
=session-id: 1374C1FC17689FA14FCF30D593078C2D

[2019-07-12 18:19:20:107] [DEBUG] [Thread: hystrix-consul-service-b-3] [method:com.redtx.core.http.CallChainUtil.callSetter(CallChainUtil.java:26)]
passing groupId:612163c976f24053a9ae373fe10de746

[2019-07-12 18:19:20:159] [DEBUG] [Thread: http-nio-8901-exec-7] [method:com.sc.svca.service.DemoServiceImpl.execRedTx(DemoServiceImpl.java:31)]
now called B - service- Result - success

[2019-07-12 18:19:20:170] [ERROR] [Thread: http-nio-8901-exec-7] [method:com.redtx.core.tx.RedTxExecutor.runBizMethod(RedTxExecutor.java:58)]
calling biz method failed for current module with exception rollbackFlag

[2019-07-12 18:19:20:171] [DEBUG] [Thread: http-nio-8901-exec-7] [method:com.redtx.core.tx.RedTxService.execTx(RedTxService.java:57)]
 current module's txHolder after biz method <TxHolder [txStatus=1, lock=java.lang.Object@60ef82ce, groupId=612163c976f24053a9ae373fe10de746, unitId=String com.sc.svca.service.DemoServiceImpl.execRedTx(String,String), txLauncher=true, createTime=1562926760098]>

[2019-07-12 18:19:20:173] [DEBUG] [Thread: http-nio-8901-exec-7] [method:com.redtx.core.netty.NettyClientBootstrap.getChannel(NettyClientBootstrap.java:54)]
try to get netty connection to server with config RedtxClientConfig [txTimeout=30000, mgrAddrs=10.2.1.63:9011, txSyncCallTimeout=3000]

[2019-07-12 18:19:20:174] [DEBUG] [Thread: http-nio-8901-exec-7] [method:com.redtx.core.tx.RedTxService.execTx(RedTxService.java:61)]
send netty msg <TxMsg(txStatus=1, groupId=612163c976f24053a9ae373fe10de746, unitId=String com.sc.svca.service.DemoServiceImpl.execRedTx(String,String), txLauncher=true, msgStr=null)>

[2019-07-12 18:19:20:174] [DEBUG] [Thread: http-nio-8901-exec-7] [method:com.redtx.core.tx.RedTxContext.remove(RedTxContext.java:38)]
Last clean on current module local context - RedTxContext(groupId=612163c976f24053a9ae373fe10de746, unitId=String com.sc.svca.service.DemoServiceImpl.execRedTx(String,String), resource=null)

[2019-07-12 18:19:20:199] [DEBUG] [Thread: nioEventLoopGroup-7-1] [method:com.redtx.core.netty.NettyClientHandler.channelRead0(NettyClientHandler.java:61)]
received txMsg from netty server <TxMsg(txStatus=1, groupId=612163c976f24053a9ae373fe10de746, unitId=String com.sc.svca.service.DemoServiceImpl.execRedTx(String,String), txLauncher=true, msgStr=null)>: 

[2019-07-12 18:19:20:200] [ERROR] [Thread: nioEventLoopGroup-7-1] [method:com.redtx.core.ds.RedTxServiceImpl.undo(RedTxServiceImpl.java:262)]
Rollback(undo) is not needed for current module, group 612163c976f24053a9ae373fe10de746 unit String com.sc.svca.service.DemoServiceImpl.execRedTx(String,String) with exception: No qualifying bean of type 'javax.sql.DataSource' available

[2019-07-12 18:19:51:396] [INFO ] [Thread: Thread-13] [method:com.redtx.core.ds.h2.H2DbHelper.destroy(H2DbHelper.java:70)]
log hikariDataSource close.

